<?xml version="1.0" encoding="UTF-8"?>
<!-- Generated by org.testng.reporters.JUnitReportReporter -->
<testsuite hostname="LAPTOP-2KSQGHOC" failures="0" tests="1" name="testcases.LoginSearchAndCartTest" time="17.031" errors="0" timestamp="2025-03-11T14:14:52 IST" skipped="0">
  <testcase classname="testcases.LoginSearchAndCartTest" name="testLoginAndCompletePurchase" time="17.031"/>
  <system-out/>
</testsuite> <!-- testcases.LoginSearchAndCartTest -->
