<?xml version="1.0" encoding="UTF-8"?>
<!-- Generated by org.testng.reporters.JUnitReportReporter -->
<testsuite hostname="LAPTOP-2KSQGHOC" failures="0" tests="1" name="testcases.SearchTest" time="5.083" errors="0" timestamp="2025-03-10T18:49:39 IST" skipped="0">
  <testcase classname="testcases.SearchTest" name="testProductSearch" time="5.083"/>
  <system-out/>
</testsuite> <!-- testcases.SearchTest -->
